<?xml version="1.0" encoding="UTF-8"?>
<!-- Generated by org.testng.reporters.JUnitXMLReporter -->
<testsuite ignored="0" hostname="SF-LAP-880" failures="1" tests="2" name="TestOnFirefoxMac" time="67.154" errors="0" timestamp="2024-05-17T00:36:37 IST">
  <testcase classname="testbrowsertest.RunOnBrowserStack" name="testSite1" time="2.042"/>
  <testcase classname="testbrowsertest.RunOnBrowserStack" name="testSite2" time="3.945">
    <failure type="java.lang.AssertionError" message="The following asserts failed:
	Title not matching expected [OrangeHRM | Sign In] but found [OrangeHRM]">
      <![CDATA[java.lang.AssertionError: The following asserts failed:
Title not matching expected [OrangeHRM | Sign In] but found [OrangeHRM]
at testbrowsertest.RunOnBrowserStack.testSite2(RunOnBrowserStack.java:59)
at java.base/java.util.ArrayList.forEach(ArrayList.java:1597)
at java.base/java.util.concurrent.FutureTask.run(FutureTask.java:317)
at java.base/java.util.concurrent.ThreadPoolExecutor.runWorker(ThreadPoolExecutor.java:1144)
at java.base/java.util.concurrent.ThreadPoolExecutor$Worker.run(ThreadPoolExecutor.java:642)
at java.base/java.lang.Thread.run(Thread.java:1570)
... Removed 17 stack frames]]>
    </failure>
  </testcase> <!-- testSite2 -->
</testsuite> <!-- TestOnFirefoxMac -->
